<?xml version="1.0" encoding="UTF-8"?>
<!-- Generated by org.testng.reporters.JUnitXMLReporter -->
<testsuite ignored="0" hostname="mukeshs-MacBook-Air.local" failures="2" tests="4" name="Surefire test" time="53.418" errors="0" timestamp="17 Jan 2025 04:48:10 GMT">
  <testcase classname="com.browserstack.tests.AssignmentTests" name="websiteTextValidationTest" time="0.073"/>
  <testcase classname="com.browserstack.tests.AssignmentTests" name="printFirstFiveArticleTextsTest" time="6.757"/>
  <testcase classname="com.browserstack.tests.AssignmentTests" name="translateToEnglishAndPrintTest" time="6.968">
    <failure type="java.lang.AssertionError" message="Failed to get valid response from API. Status code: 429 expected [200] but found [429]">
      <![CDATA[java.lang.AssertionError: Failed to get valid response from API. Status code: 429 expected [200] but found [429]
	at com.browserstack.utils.TranslationAPI.getTranslation(TranslationAPI.java:48)
	at com.browserstack.tests.AssignmentTests.translateToEnglishAndPrintTest(AssignmentTests.java:71)
... Removed 33 stack frames]]>
    </failure>
  </testcase> <!-- translateToEnglishAndPrintTest -->
  <testcase classname="com.browserstack.tests.AssignmentTests" name="analyzeTranslatedHeaders" time="7.646">
    <failure type="java.lang.AssertionError" message="Failed to get valid response from API. Status code: 429 expected [200] but found [429]">
      <![CDATA[java.lang.AssertionError: Failed to get valid response from API. Status code: 429 expected [200] but found [429]
	at com.browserstack.utils.TranslationAPI.getTranslation(TranslationAPI.java:48)
	at com.browserstack.tests.AssignmentTests.analyzeTranslatedHeaders(AssignmentTests.java:95)
... Removed 33 stack frames]]>
    </failure>
  </testcase> <!-- analyzeTranslatedHeaders -->
</testsuite> <!-- Surefire test -->
