<?xml version="1.0" encoding="UTF-8"?>
<!-- Generated by org.testng.reporters.JUnitXMLReporter -->
<testsuite ignored="0" hostname="mukeshs-MacBook-Air.local" failures="1" tests="4" name="Surefire test-0" time="158.529" errors="0" timestamp="17 Jan 2025 04:45:40 GMT">
  <testcase classname="com.browserstack.tests.AssignmentTests" name="@BeforeMethod setup" time="31.434">
    <failure type="java.lang.ClassCastException" message="class java.util.LinkedHashMap cannot be cast to class org.openqa.selenium.WebElement (java.util.LinkedHashMap is in module java.base of loader &amp;apos;bootstrap&amp;apos;; org.openqa.selenium.WebElement is in unnamed module of loader &amp;apos;app&amp;apos;)">
      <![CDATA[java.lang.ClassCastException: class java.util.LinkedHashMap cannot be cast to class org.openqa.selenium.WebElement (java.util.LinkedHashMap is in module java.base of loader 'bootstrap'; org.openqa.selenium.WebElement is in unnamed module of loader 'app')
	at org.openqa.selenium.remote.ElementLocation$ElementFinder$2.findElement(ElementLocation.java:166)
	at org.openqa.selenium.remote.ElementLocation.findElement(ElementLocation.java:59)
	at org.openqa.selenium.remote.RemoteWebDriver.findElement(RemoteWebDriver.java:368)
	at org.openqa.selenium.remote.RemoteWebDriver.findElement(RemoteWebDriver.java:362)
	at org.openqa.selenium.support.pagefactory.DefaultElementLocator.findElement(DefaultElementLocator.java:68)
	at org.openqa.selenium.support.pagefactory.internal.LocatingElementHandler.invoke(LocatingElementHandler.java:38)
	at jdk.proxy2/jdk.proxy2.$Proxy30.isDisplayed(Unknown Source)
	at org.openqa.selenium.support.ui.ExpectedConditions.elementIfVisible(ExpectedConditions.java:304)
	at org.openqa.selenium.support.ui.ExpectedConditions$10.apply(ExpectedConditions.java:290)
	at org.openqa.selenium.support.ui.ExpectedConditions$10.apply(ExpectedConditions.java:287)
	at org.openqa.selenium.support.ui.ExpectedConditions$23.apply(ExpectedConditions.java:656)
	at org.openqa.selenium.support.ui.ExpectedConditions$23.apply(ExpectedConditions.java:652)
	at org.openqa.selenium.support.ui.FluentWait.until(FluentWait.java:203)
	at com.browserstack.page.HomePage.acceptCookies(HomePage.java:38)
	at com.browserstack.tests.AssignmentTests.setup(AssignmentTests.java:29)
	at java.base/java.util.concurrent.FutureTask.run(FutureTask.java:317)
	at java.base/java.util.concurrent.ThreadPoolExecutor.runWorker(ThreadPoolExecutor.java:1144)
	at java.base/java.util.concurrent.ThreadPoolExecutor$Worker.run(ThreadPoolExecutor.java:642)
	at java.base/java.lang.Thread.run(Thread.java:1583)
... Removed 16 stack frames]]>
    </failure>
  </testcase> <!-- @BeforeMethod setup -->
  <testcase classname="com.browserstack.tests.AssignmentTests" name="websiteTextValidationTest" time="6.408"/>
  <testcase classname="com.browserstack.tests.AssignmentTests" name="printFirstFiveArticleTextsTest" time="14.833"/>
  <testcase classname="com.browserstack.tests.AssignmentTests" name="translateToEnglishAndPrintTest" time="17.621">
    <failure type="java.lang.AssertionError" message="Failed to get valid response from API. Status code: 429 expected [200] but found [429]">
      <![CDATA[java.lang.AssertionError: Failed to get valid response from API. Status code: 429 expected [200] but found [429]
	at com.browserstack.utils.TranslationAPI.getTranslation(TranslationAPI.java:48)
	at com.browserstack.tests.AssignmentTests.translateToEnglishAndPrintTest(AssignmentTests.java:71)
	at java.base/java.util.concurrent.FutureTask.run(FutureTask.java:317)
	at java.base/java.util.concurrent.ThreadPoolExecutor.runWorker(ThreadPoolExecutor.java:1144)
	at java.base/java.util.concurrent.ThreadPoolExecutor$Worker.run(ThreadPoolExecutor.java:642)
	at java.base/java.lang.Thread.run(Thread.java:1583)
... Removed 19 stack frames]]>
    </failure>
  </testcase> <!-- translateToEnglishAndPrintTest -->
  <testcase classname="com.browserstack.tests.AssignmentTests" name="analyzeTranslatedHeaders" time="0.001">
    <skipped/>
  </testcase> <!-- analyzeTranslatedHeaders -->
</testsuite> <!-- Surefire test-0 -->
